<?xml version="1.0" encoding="UTF-8"?>
<!-- Generated by org.testng.reporters.JUnitReportReporter -->
<testsuite skipped="0" hostname="IBM-Testing01" name="class2" tests="2" failures="0" timestamp="27 Dec 2019 10:14:23 GMT" time="2.594" errors="0">
  <testcase name="f" time="0.821" classname="class2"/>
  <testcase name="testcase5" time="1.773" classname="class2"/>
</testsuite> <!-- class2 -->
