<?xml version="1.0" encoding="UTF-8"?>
<!-- Generated by org.testng.reporters.JUnitReportReporter -->
<testsuite skipped="0" hostname="IBM-Testing01" name="invalidmemberlogin" tests="2" failures="0" timestamp="28 Dec 2019 04:48:17 GMT" time="6.446" errors="0">
  <testcase name="login" time="1.798" classname="invalidmemberlogin"/>
  <testcase name="memberlogin" time="4.648" classname="invalidmemberlogin"/>
</testsuite> <!-- invalidmemberlogin -->
